<?xml version="1.0" encoding="UTF-8"?>
<!-- Generated by org.testng.reporters.JUnitReportReporter -->
<testsuite skipped="0" hostname="wangbingfeideMacBook-Pro.local" name="com.asg.uitest.Demo.NewTest" tests="1" failures="0" timestamp="07 九月 2017 07:48:52 GMT" time="29.230" errors="0">
  <testcase name="Test" time="29.230" classname="com.asg.uitest.Demo.NewTest"/>
</testsuite> <!-- com.asg.uitest.Demo.NewTest -->
